<?xml version="1.0" encoding="UTF-8"?>
<!-- Generated by org.testng.reporters.JUnitReportReporter -->
<testsuite hostname="OlaAbuFares1995" failures="0" tests="1" name="project_two.test_two" time="1.306" errors="0" timestamp="2023-09-12T19:27:13 EET" skipped="0">
  <testcase classname="project_two.test_two" name="MYtest" time="1.306"/>
</testsuite> <!-- project_two.test_two -->
